<?xml version="1.0" encoding="UTF-8"?>
<!-- Generated by org.testng.reporters.JUnitReportReporter -->
<testsuite hostname="LAPTOP-RR543PC9" failures="0" tests="1" name="com.pom.testcases.TestVisualModerationPage" time="22.477" errors="0" timestamp="2022-08-03T12:18:30 IST" skipped="0">
  <testcase classname="com.pom.testcases.TestVisualModerationPage" name="testvisualmoderation" time="22.477"/>
  <system-out/>
</testsuite> <!-- com.pom.testcases.TestVisualModerationPage -->
