<?xml version="1.0" encoding="UTF-8"?>
<!-- Generated by org.testng.reporters.JUnitReportReporter -->
<testsuite hostname="LAPTOP-RR543PC9" failures="0" tests="1" name="com.pom.ModerationTestCases.TestVisualModerationPage" time="18.229" errors="0" timestamp="2022-09-10T18:59:27 IST" skipped="0">
  <testcase classname="com.pom.ModerationTestCases.TestVisualModerationPage" name="testvisualmoderation" time="18.229"/>
  <system-out/>
</testsuite> <!-- com.pom.ModerationTestCases.TestVisualModerationPage -->
