<?xml version="1.0" encoding="UTF-8"?>
<!-- Generated by org.testng.reporters.JUnitReportReporter -->
<testsuite hostname="UJ" failures="0" tests="1" name="com.pom.ArbiterTestCases.DeleteMail" time="12.305" errors="0" timestamp="2023-09-05T10:26:53 IST" skipped="0">
  <testcase classname="com.pom.ArbiterTestCases.DeleteMail" name="methodLevelSetup" time="12.305"/>
</testsuite> <!-- com.pom.ArbiterTestCases.DeleteMail -->
