<?xml version="1.0" encoding="UTF-8"?>
<!-- Generated by org.testng.reporters.JUnitReportReporter -->
<testsuite hostname="UJ" failures="0" tests="1" name="com.pom.ArbiterTestCases.PostRequest" time="2.846" errors="0" timestamp="2023-08-16T14:49:20 IST" skipped="0">
  <testcase classname="com.pom.ArbiterTestCases.PostRequest" name="post_request" time="2.846"/>
</testsuite> <!-- com.pom.ArbiterTestCases.PostRequest -->
