<?xml version="1.0" encoding="UTF-8"?>
<!-- Generated by org.testng.reporters.JUnitReportReporter -->
<testsuite hostname="LAPTOP-RR543PC9" failures="0" tests="1" name="com.pom.listeners.ExtentReporterNG" time="2.472" errors="0" timestamp="2022-09-10T18:01:53 IST" skipped="0">
  <testcase classname="com.pom.listeners.ExtentReporterNG" name="extentReportsDemo" time="2.472"/>
  <system-out/>
</testsuite> <!-- com.pom.listeners.ExtentReporterNG -->
