<?xml version="1.0" encoding="UTF-8"?>
<!-- Generated by org.testng.reporters.JUnitReportReporter -->
<testsuite hostname="LAPTOP-RR543PC9" failures="0" tests="1" name="com.pom.ModerationTestCases.TestModerationPage" time="17.727" errors="0" timestamp="2022-11-16T12:45:22 IST" skipped="0">
  <testcase classname="com.pom.ModerationTestCases.TestModerationPage" name="verifyAudioHomepageBanner" time="17.727"/>
  <system-out/>
</testsuite> <!-- com.pom.ModerationTestCases.TestModerationPage -->
